<?xml version="1.0" encoding="UTF-8"?>
<testng-results ignored="0" total="1" passed="1" failed="0" skipped="0">
  <reporter-output>
  </reporter-output>
  <suite started-at="2020-07-21T13:38:29 CEST" name="Default suite" finished-at="2020-07-21T13:38:45 CEST" duration-ms="16737">
    <groups>
    </groups>
    <test started-at="2020-07-21T13:38:29 CEST" name="Default test" finished-at="2020-07-21T13:38:45 CEST" duration-ms="16737">
      <class name="testCases.Test1">
        <test-method is-config="true" signature="Initialise()[pri:0, instance:testCases.Test1@18ce0030]" started-at="2020-07-21T13:38:29 CEST" name="Initialise" finished-at="2020-07-21T13:38:37 CEST" duration-ms="8332" status="PASS">
          <reporter-output>
          </reporter-output>
        </test-method> <!-- Initialise -->
        <test-method signature="TestLogin()[pri:1, instance:testCases.Test1@18ce0030]" started-at="2020-07-21T13:38:37 CEST" name="TestLogin" finished-at="2020-07-21T13:38:45 CEST" duration-ms="8244" status="PASS">
          <reporter-output>
          </reporter-output>
        </test-method> <!-- TestLogin -->
        <test-method is-config="true" signature="TearDown()[pri:0, instance:testCases.Test1@18ce0030]" started-at="2020-07-21T13:38:45 CEST" name="TearDown" finished-at="2020-07-21T13:38:45 CEST" duration-ms="102" status="PASS">
          <reporter-output>
          </reporter-output>
        </test-method> <!-- TearDown -->
      </class> <!-- testCases.Test1 -->
    </test> <!-- Default test -->
  </suite> <!-- Default suite -->
</testng-results>
